<?xml version="1.0" encoding="UTF-8"?>
<!-- Generated by org.testng.reporters.JUnitXMLReporter -->
<testsuite ignored="4" hostname="LAPTOP-J99CU6B4" failures="0" tests="1" name="Test" time="6.456" errors="0" timestamp="2023-04-16T09:26:46 GST">
  <testcase classname="sevenrmartSupermarket.Testscripts.LoginTest" name="verifyLogin" time="1.275"/>
  <testcase classname="sevenrmartSupermarket.Testscripts.LoginTest" name="loginWithInvalidPassword" time="0.0">
    <ignored/>
  </testcase> <!-- loginWithInvalidPassword -->
  <testcase classname="sevenrmartSupermarket.Testscripts.LoginTest" name="verifyLogout" time="0.0">
    <ignored/>
  </testcase> <!-- verifyLogout -->
  <testcase classname="sevenrmartSupermarket.Testscripts.LoginTest" name="loginWithInvalidUserName" time="0.0">
    <ignored/>
  </testcase> <!-- loginWithInvalidUserName -->
  <testcase classname="sevenrmartSupermarket.Testscripts.Base" name="initilizeBrowser" time="0.0">
    <ignored/>
  </testcase> <!-- initilizeBrowser -->
</testsuite> <!-- Test -->
