<?xml version="1.0" encoding="UTF-8"?>
<testng-results ignored="4" total="5" passed="1" failed="0" skipped="0">
  <reporter-output>
  </reporter-output>
  <suite started-at="2023-04-16T09:26:40 GST" name="Suite" finished-at="2023-04-16T09:26:46 GST" duration-ms="6456">
    <groups>
    </groups>
    <test started-at="2023-04-16T09:26:40 GST" name="Test" finished-at="2023-04-16T09:26:46 GST" duration-ms="6456">
      <class name="sevenrmartSupermarket.Testscripts.LoginTest">
        <test-method is-config="true" signature="initilizeBrowser(java.lang.String)[pri:0, instance:sevenrmartSupermarket.Testscripts.LoginTest@5d7148e2]" started-at="2023-04-16T09:26:40 GST" name="initilizeBrowser" finished-at="2023-04-16T09:26:45 GST" duration-ms="4765" status="PASS">
          <params>
            <param index="0">
              <value>
                <![CDATA[chrome]]>
              </value>
            </param>
          </params>
          <reporter-output>
          </reporter-output>
        </test-method> <!-- initilizeBrowser -->
        <test-method signature="verifyLogin(java.lang.String,java.lang.String)[pri:0, instance:sevenrmartSupermarket.Testscripts.LoginTest@5d7148e2]" started-at="2023-04-16T09:26:45 GST" name="verifyLogin" finished-at="2023-04-16T09:26:46 GST" duration-ms="1275" status="PASS">
          <params>
            <param index="0">
              <value>
                <![CDATA[admin]]>
              </value>
            </param>
            <param index="1">
              <value>
                <![CDATA[admin]]>
              </value>
            </param>
          </params>
          <reporter-output>
          </reporter-output>
        </test-method> <!-- verifyLogin -->
        <test-method is-config="true" signature="browserQuit(org.testng.ITestResult)[pri:0, instance:sevenrmartSupermarket.Testscripts.LoginTest@5d7148e2]" started-at="2023-04-16T09:26:46 GST" name="browserQuit" finished-at="2023-04-16T09:26:46 GST" duration-ms="375" status="PASS">
          <params>
            <param index="0">
              <value>
                <![CDATA[[TestResult name=verifyLogin status=SUCCESS method=LoginTest.verifyLogin(java.lang.String,java.lang.String)[pri:0, instance:sevenrmartSupermarket.Testscripts.LoginTest@5d7148e2] output={null}]]]>
              </value>
            </param>
          </params>
          <reporter-output>
          </reporter-output>
        </test-method> <!-- browserQuit -->
      </class> <!-- sevenrmartSupermarket.Testscripts.LoginTest -->
    </test> <!-- Test -->
  </suite> <!-- Suite -->
</testng-results>
